# JRE version: Java(TM) SE Runtime Environment (14.0.2+12) (build 14.0.2+12-46)
# Java VM: Java HotSpot(TM) 64-Bit Server VM (14.0.2+12-46, mixed mode, sharing, tiered, compressed oops, parallel gc, windows-amd64)
Heap:
 PSYoungGen      total 4096K, used 1006K [0x00000000eab00000, 0x00000000eb400000, 0x0000000100000000)
  eden space 3072K, 0% used [0x00000000eab00000,0x00000000eab00000,0x00000000eae00000)
  from space 1024K, 98% used [0x00000000eaf80000,0x00000000eb07bb60,0x00000000eb080000)
  to   space 3072K, 0% used [0x00000000eb100000,0x00000000eb100000,0x00000000eb400000)
 ParOldGen       total 134144K, used 133285K [0x00000000c0000000, 0x00000000c8300000, 0x00000000eab00000)
  object space 134144K, 99% used [0x00000000c0000000,0x00000000c8229590,0x00000000c8300000)
 Metaspace       used 76789K, capacity 80317K, committed 80512K, reserved 1120256K
  class space    used 7512K, capacity 8815K, committed 8832K, reserved 1048576K
GC Heap History (20 events):
Event: 55781.537 GC heap after
{Heap after GC invocations=4565 (full 110):
 PSYoungGen      total 4608K, used 1520K [0x00000000eab00000, 0x00000000eb400000, 0x0000000100000000)
  eden space 3072K, 0% used [0x00000000eab00000,0x00000000eab00000,0x00000000eae00000)
  from space 1536K, 98% used [0x00000000eb080000,0x00000000eb1fc010,0x00000000eb200000)
  to   space 2560K, 0% used [0x00000000eae00000,0x00000000eae00000,0x00000000eb080000)
 ParOldGen       total 134144K, used 124071K [0x00000000c0000000, 0x00000000c8300000, 0x00000000eab00000)
  object space 134144K, 92% used [0x00000000c0000000,0x00000000c7929c90,0x00000000c8300000)
 Metaspace       used 76771K, capacity 80317K, committed 80512K, reserved 1120256K
  class space    used 7512K, capacity 8815K, committed 8832K, reserved 1048576K
}
Event: 55781.542 GC heap before
{Heap before GC invocations=4566 (full 110):
 PSYoungGen      total 4608K, used 4592K [0x00000000eab00000, 0x00000000eb400000, 0x0000000100000000)
  eden space 3072K, 100% used [0x00000000eab00000,0x00000000eae00000,0x00000000eae00000)
  from space 1536K, 98% used [0x00000000eb080000,0x00000000eb1fc010,0x00000000eb200000)
  to   space 2560K, 0% used [0x00000000eae00000,0x00000000eae00000,0x00000000eb080000)
 ParOldGen       total 134144K, used 124071K [0x00000000c0000000, 0x00000000c8300000, 0x00000000eab00000)
  object space 134144K, 92% used [0x00000000c0000000,0x00000000c7929c90,0x00000000c8300000)
 Metaspace       used 76789K, capacity 80317K, committed 80512K, reserved 1120256K
  class space    used 7512K, capacity 8815K, committed 8832K, reserved 1048576K
}
Event: 55781.543 GC heap after
{Heap after GC invocations=4566 (full 110):
 PSYoungGen      total 4096K, used 960K [0x00000000eab00000, 0x00000000eb100000, 0x0000000100000000)
  eden space 3072K, 0% used [0x00000000eab00000,0x00000000eab00000,0x00000000eae00000)
  from space 1024K, 93% used [0x00000000eae00000,0x00000000eaef0000,0x00000000eaf00000)
  to   space 1536K, 0% used [0x00000000eaf80000,0x00000000eaf80000,0x00000000eb100000)
 ParOldGen       total 134144K, used 124959K [0x00000000c0000000, 0x00000000c8300000, 0x00000000eab00000)
  object space 134144K, 93% used [0x00000000c0000000,0x00000000c7a07c90,0x00000000c8300000)
 Metaspace       used 76789K, capacity 80317K, committed 80512K, reserved 1120256K
  class space    used 7512K, capacity 8815K, committed 8832K, reserved 1048576K
}
Event: 55781.549 GC heap before
{Heap before GC invocations=4567 (full 110):
 PSYoungGen      total 4096K, used 4032K [0x00000000eab00000, 0x00000000eb100000, 0x0000000100000000)
  eden space 3072K, 100% used [0x00000000eab00000,0x00000000eae00000,0x00000000eae00000)
  from space 1024K, 93% used [0x00000000eae00000,0x00000000eaef0000,0x00000000eaf00000)
  to   space 1536K, 0% used [0x00000000eaf80000,0x00000000eaf80000,0x00000000eb100000)
 ParOldGen       total 134144K, used 124959K [0x00000000c0000000, 0x00000000c8300000, 0x00000000eab00000)
  object space 134144K, 93% used [0x00000000c0000000,0x00000000c7a07c90,0x00000000c8300000)
 Metaspace       used 76789K, capacity 80317K, committed 80512K, reserved 1120256K
  class space    used 7512K, capacity 8815K, committed 8832K, reserved 1048576K
}
Event: 55781.550 GC heap after
{Heap after GC invocations=4567 (full 110):
 PSYoungGen      total 4096K, used 912K [0x00000000eab00000, 0x00000000eb080000, 0x0000000100000000)
  eden space 3072K, 0% used [0x00000000eab00000,0x00000000eab00000,0x00000000eae00000)
  from space 1024K, 89% used [0x00000000eaf80000,0x00000000eb064010,0x00000000eb080000)
  to   space 1024K, 0% used [0x00000000eae00000,0x00000000eae00000,0x00000000eaf00000)
 ParOldGen       total 134144K, used 125015K [0x00000000c0000000, 0x00000000c8300000, 0x00000000eab00000)
  object space 134144K, 93% used [0x00000000c0000000,0x00000000c7a15c90,0x00000000c8300000)
 Metaspace       used 76789K, capacity 80317K, committed 80512K, reserved 1120256K
  class space    used 7512K, capacity 8815K, committed 8832K, reserved 1048576K
}
Event: 55782.400 GC heap before
{Heap before GC invocations=4568 (full 110):
 PSYoungGen      total 4096K, used 3984K [0x00000000eab00000, 0x00000000eb080000, 0x0000000100000000)
  eden space 3072K, 100% used [0x00000000eab00000,0x00000000eae00000,0x00000000eae00000)
  from space 1024K, 89% used [0x00000000eaf80000,0x00000000eb064010,0x00000000eb080000)
  to   space 1024K, 0% used [0x00000000eae00000,0x00000000eae00000,0x00000000eaf00000)
 ParOldGen       total 134144K, used 125015K [0x00000000c0000000, 0x00000000c8300000, 0x00000000eab00000)
  object space 134144K, 93% used [0x00000000c0000000,0x00000000c7a15c90,0x00000000c8300000)
 Metaspace       used 76789K, capacity 80317K, committed 80512K, reserved 1120256K
  class space    used 7512K, capacity 8815K, committed 8832K, reserved 1048576K
}
Event: 55782.401 GC heap after
{Heap after GC invocations=4568 (full 110):
 PSYoungGen      total 4096K, used 1006K [0x00000000eab00000, 0x00000000eb400000, 0x0000000100000000)
  eden space 3072K, 0% used [0x00000000eab00000,0x00000000eab00000,0x00000000eae00000)
  from space 1024K, 98% used [0x00000000eae00000,0x00000000eaefbb60,0x00000000eaf00000)
  to   space 3072K, 0% used [0x00000000eb100000,0x00000000eb100000,0x00000000eb400000)
 ParOldGen       total 134144K, used 126740K [0x00000000c0000000, 0x00000000c8300000, 0x00000000eab00000)
  object space 134144K, 94% used [0x00000000c0000000,0x00000000c7bc5130,0x00000000c8300000)
 Metaspace       used 76789K, capacity 80317K, committed 80512K, reserved 1120256K
  class space    used 7512K, capacity 8815K, committed 8832K, reserved 1048576K
}
Event: 55782.409 GC heap before
{Heap before GC invocations=4569 (full 110):
 PSYoungGen      total 4096K, used 4078K [0x00000000eab00000, 0x00000000eb400000, 0x0000000100000000)
  eden space 3072K, 100% used [0x00000000eab00000,0x00000000eae00000,0x00000000eae00000)
  from space 1024K, 98% used [0x00000000eae00000,0x00000000eaefbb60,0x00000000eaf00000)
  to   space 3072K, 0% used [0x00000000eb100000,0x00000000eb100000,0x00000000eb400000)
 ParOldGen       total 134144K, used 126740K [0x00000000c0000000, 0x00000000c8300000, 0x00000000eab00000)
  object space 134144K, 94% used [0x00000000c0000000,0x00000000c7bc5130,0x00000000c8300000)
 Metaspace       used 76789K, capacity 80317K, committed 80512K, reserved 1120256K
  class space    used 7512K, capacity 8815K, committed 8832K, reserved 1048576K
}
Event: 55782.410 GC heap after
{Heap after GC invocations=4569 (full 110):
 PSYoungGen      total 4608K, used 1102K [0x00000000eab00000, 0x00000000eb280000, 0x0000000100000000)
  eden space 3072K, 0% used [0x00000000eab00000,0x00000000eab00000,0x00000000eae00000)
  from space 1536K, 71% used [0x00000000eb100000,0x00000000eb213b60,0x00000000eb280000)
  to   space 2048K, 0% used [0x00000000eae80000,0x00000000eae80000,0x00000000eb080000)
 ParOldGen       total 134144K, used 127073K [0x00000000c0000000, 0x00000000c8300000, 0x00000000eab00000)
  object space 134144K, 94% used [0x00000000c0000000,0x00000000c7c185b0,0x00000000c8300000)
 Metaspace       used 76789K, capacity 80317K, committed 80512K, reserved 1120256K
  class space    used 7512K, capacity 8815K, committed 8832K, reserved 1048576K
}
Event: 55782.418 GC heap before
{Heap before GC invocations=4570 (full 110):
 PSYoungGen      total 4608K, used 4174K [0x00000000eab00000, 0x00000000eb280000, 0x0000000100000000)
  eden space 3072K, 100% used [0x00000000eab00000,0x00000000eae00000,0x00000000eae00000)
  from space 1536K, 71% used [0x00000000eb100000,0x00000000eb213b60,0x00000000eb280000)
  to   space 2048K, 0% used [0x00000000eae80000,0x00000000eae80000,0x00000000eb080000)
 ParOldGen       total 134144K, used 127073K [0x00000000c0000000, 0x00000000c8300000, 0x00000000eab00000)
  object space 134144K, 94% used [0x00000000c0000000,0x00000000c7c185b0,0x00000000c8300000)
 Metaspace       used 76789K, capacity 80317K, committed 80512K, reserved 1120256K
  class space    used 7512K, capacity 8815K, committed 8832K, reserved 1048576K
}
Event: 55782.420 GC heap after
{Heap after GC invocations=4570 (full 110):
 PSYoungGen      total 5120K, used 2048K [0x00000000eab00000, 0x00000000eb700000, 0x0000000100000000)
  eden space 3072K, 0% used [0x00000000eab00000,0x00000000eab00000,0x00000000eae00000)
  from space 2048K, 100% used [0x00000000eae80000,0x00000000eb080000,0x00000000eb080000)
  to   space 4608K, 0% used [0x00000000eb280000,0x00000000eb280000,0x00000000eb700000)
 ParOldGen       total 134144K, used 129016K [0x00000000c0000000, 0x00000000c8300000, 0x00000000eab00000)
  object space 134144K, 96% used [0x00000000c0000000,0x00000000c7dfe110,0x00000000c8300000)
 Metaspace       used 76789K, capacity 80317K, committed 80512K, reserved 1120256K
  class space    used 7512K, capacity 8815K, committed 8832K, reserved 1048576K
}
Event: 55782.427 GC heap before
{Heap before GC invocations=4571 (full 110):
 PSYoungGen      total 5120K, used 5120K [0x00000000eab00000, 0x00000000eb700000, 0x0000000100000000)
  eden space 3072K, 100% used [0x00000000eab00000,0x00000000eae00000,0x00000000eae00000)
  from space 2048K, 100% used [0x00000000eae80000,0x00000000eb080000,0x00000000eb080000)
  to   space 4608K, 0% used [0x00000000eb280000,0x00000000eb280000,0x00000000eb700000)
 ParOldGen       total 134144K, used 129016K [0x00000000c0000000, 0x00000000c8300000, 0x00000000eab00000)
  object space 134144K, 96% used [0x00000000c0000000,0x00000000c7dfe110,0x00000000c8300000)
 Metaspace       used 76789K, capacity 80317K, committed 80512K, reserved 1120256K
  class space    used 7512K, capacity 8815K, committed 8832K, reserved 1048576K
}
Event: 55782.430 GC heap after
{Heap after GC invocations=4571 (full 110):
 PSYoungGen      total 6144K, used 2734K [0x00000000eab00000, 0x00000000eb580000, 0x0000000100000000)
  eden space 3072K, 0% used [0x00000000eab00000,0x00000000eab00000,0x00000000eae00000)
  from space 3072K, 89% used [0x00000000eb280000,0x00000000eb52bb60,0x00000000eb580000)
  to   space 3584K, 0% used [0x00000000eae80000,0x00000000eae80000,0x00000000eb200000)
 ParOldGen       total 134144K, used 131112K [0x00000000c0000000, 0x00000000c8300000, 0x00000000eab00000)
  object space 134144K, 97% used [0x00000000c0000000,0x00000000c800a110,0x00000000c8300000)
 Metaspace       used 76789K, capacity 80317K, committed 80512K, reserved 1120256K
  class space    used 7512K, capacity 8815K, committed 8832K, reserved 1048576K
}
Event: 55782.437 GC heap before
{Heap before GC invocations=4572 (full 110):
 PSYoungGen      total 6144K, used 5806K [0x00000000eab00000, 0x00000000eb580000, 0x0000000100000000)
  eden space 3072K, 100% used [0x00000000eab00000,0x00000000eae00000,0x00000000eae00000)
  from space 3072K, 89% used [0x00000000eb280000,0x00000000eb52bb60,0x00000000eb580000)
  to   space 3584K, 0% used [0x00000000eae80000,0x00000000eae80000,0x00000000eb200000)
 ParOldGen       total 134144K, used 131112K [0x00000000c0000000, 0x00000000c8300000, 0x00000000eab00000)
  object space 134144K, 97% used [0x00000000c0000000,0x00000000c800a110,0x00000000c8300000)
 Metaspace       used 76789K, capacity 80317K, committed 80512K, reserved 1120256K
  class space    used 7512K, capacity 8815K, committed 8832K, reserved 1048576K
}
Event: 55782.438 GC heap after
{Heap after GC invocations=4572 (full 110):
 PSYoungGen      total 4608K, used 1294K [0x00000000eab00000, 0x00000000eb300000, 0x0000000100000000)
  eden space 3072K, 0% used [0x00000000eab00000,0x00000000eab00000,0x00000000eae00000)
  from space 1536K, 84% used [0x00000000eae80000,0x00000000eafc3b60,0x00000000eb000000)
  to   space 2048K, 0% used [0x00000000eb100000,0x00000000eb100000,0x00000000eb300000)
 ParOldGen       total 134144K, used 131605K [0x00000000c0000000, 0x00000000c8300000, 0x00000000eab00000)
  object space 134144K, 98% used [0x00000000c0000000,0x00000000c8085590,0x00000000c8300000)
 Metaspace       used 76789K, capacity 80317K, committed 80512K, reserved 1120256K
  class space    used 7512K, capacity 8815K, committed 8832K, reserved 1048576K
}
Event: 55782.457 GC heap before
{Heap before GC invocations=4573 (full 110):
 PSYoungGen      total 4608K, used 4366K [0x00000000eab00000, 0x00000000eb300000, 0x0000000100000000)
  eden space 3072K, 100% used [0x00000000eab00000,0x00000000eae00000,0x00000000eae00000)
  from space 1536K, 84% used [0x00000000eae80000,0x00000000eafc3b60,0x00000000eb000000)
  to   space 2048K, 0% used [0x00000000eb100000,0x00000000eb100000,0x00000000eb300000)
 ParOldGen       total 134144K, used 131605K [0x00000000c0000000, 0x00000000c8300000, 0x00000000eab00000)
  object space 134144K, 98% used [0x00000000c0000000,0x00000000c8085590,0x00000000c8300000)
 Metaspace       used 76789K, capacity 80317K, committed 80512K, reserved 1120256K
  class space    used 7512K, capacity 8815K, committed 8832K, reserved 1048576K
}
Event: 55782.458 GC heap after
{Heap after GC invocations=4573 (full 110):
 PSYoungGen      total 3584K, used 320K [0x00000000eab00000, 0x00000000eb180000, 0x0000000100000000)
  eden space 3072K, 0% used [0x00000000eab00000,0x00000000eab00000,0x00000000eae00000)
  from space 512K, 62% used [0x00000000eb100000,0x00000000eb150000,0x00000000eb180000)
  to   space 1024K, 0% used [0x00000000eaf80000,0x00000000eaf80000,0x00000000eb080000)
 ParOldGen       total 134144K, used 131637K [0x00000000c0000000, 0x00000000c8300000, 0x00000000eab00000)
  object space 134144K, 98% used [0x00000000c0000000,0x00000000c808d590,0x00000000c8300000)
 Metaspace       used 76789K, capacity 80317K, committed 80512K, reserved 1120256K
  class space    used 7512K, capacity 8815K, committed 8832K, reserved 1048576K
}
Event: 55782.709 GC heap before
{Heap before GC invocations=4574 (full 110):
 PSYoungGen      total 3584K, used 3392K [0x00000000eab00000, 0x00000000eb180000, 0x0000000100000000)
  eden space 3072K, 100% used [0x00000000eab00000,0x00000000eae00000,0x00000000eae00000)
  from space 512K, 62% used [0x00000000eb100000,0x00000000eb150000,0x00000000eb180000)
  to   space 1024K, 0% used [0x00000000eaf80000,0x00000000eaf80000,0x00000000eb080000)
 ParOldGen       total 134144K, used 131637K [0x00000000c0000000, 0x00000000c8300000, 0x00000000eab00000)
  object space 134144K, 98% used [0x00000000c0000000,0x00000000c808d590,0x00000000c8300000)
 Metaspace       used 76789K, capacity 80317K, committed 80512K, reserved 1120256K
  class space    used 7512K, capacity 8815K, committed 8832K, reserved 1048576K
}
Event: 55782.711 GC heap after
{Heap after GC invocations=4574 (full 110):
 PSYoungGen      total 4096K, used 1006K [0x00000000eab00000, 0x00000000eb400000, 0x0000000100000000)
  eden space 3072K, 0% used [0x00000000eab00000,0x00000000eab00000,0x00000000eae00000)
  from space 1024K, 98% used [0x00000000eaf80000,0x00000000eb07bb60,0x00000000eb080000)
  to   space 3072K, 0% used [0x00000000eb100000,0x00000000eb100000,0x00000000eb400000)
 ParOldGen       total 134144K, used 133285K [0x00000000c0000000, 0x00000000c8300000, 0x00000000eab00000)
  object space 134144K, 99% used [0x00000000c0000000,0x00000000c8229590,0x00000000c8300000)
 Metaspace       used 76789K, capacity 80317K, committed 80512K, reserved 1120256K
  class space    used 7512K, capacity 8815K, committed 8832K, reserved 1048576K
}
Event: 55782.711 GC heap before
{Heap before GC invocations=4575 (full 111):
 PSYoungGen      total 4096K, used 1006K [0x00000000eab00000, 0x00000000eb400000, 0x0000000100000000)
  eden space 3072K, 0% used [0x00000000eab00000,0x00000000eab00000,0x00000000eae00000)
  from space 1024K, 98% used [0x00000000eaf80000,0x00000000eb07bb60,0x00000000eb080000)
  to   space 3072K, 0% used [0x00000000eb100000,0x00000000eb100000,0x00000000eb400000)
 ParOldGen       total 134144K, used 133285K [0x00000000c0000000, 0x00000000c8300000, 0x00000000eab00000)
  object space 134144K, 99% used [0x00000000c0000000,0x00000000c8229590,0x00000000c8300000)
 Metaspace       used 76789K, capacity 80317K, committed 80512K, reserved 1120256K
  class space    used 7512K, capacity 8815K, committed 8832K, reserved 1048576K
}

